[Licensing::Module] Successfully connected to LicensingClient on channel: "LicenseClient-samu" (connect: 0.00s, validation: 0.01s, handshake: 2.70s)
Entitlement-based licensing initiated
[LicensingClient] Licenses updated successfully

LICENSE SYSTEM [20201027 16:20:5] Next license update check is after 2020-10-24T10:29:54


LICENSE SYSTEM [20201027 16:20:5] Current license is already valid and activated. Skipping license activation process (Provided username/password will be ignored).
Built from '2020.1/staging' branch; Version is '2020.1.10f1 (974a9d56f159) revision 9915037'; Using compiler version '192227905'; Build Type 'Release'
OS: 'Windows 10  (10.0.0) 64bit' Language: 'fi' Physical Memory: 16340 MB
[Licensing::Module] Serial number assigned to: "F4-K9GD-6SU2-CJZK-V8UV-XXXX"
BatchMode: 1, IsHumanControllingUs: 0, StartBugReporterOnCrash: 0, Is64bit: 1, IsPro: 0

 COMMAND LINE ARGUMENTS:
C:\dev\unity\editors\2020.1.10f1\Editor\Unity.exe
-adb2
-batchMode
-noUpm
-name
AssetImportWorker0
-projectPath
C:/dev/github/EntityComponentSystemSamples/ECSSamples
-logFile
Logs/AssetImportWorker0.log
-srvPort
55566
Successfully changed project path to: C:/dev/github/EntityComponentSystemSamples/ECSSamples
C:/dev/github/EntityComponentSystemSamples/ECSSamples
Using Asset Import Pipeline V2.
Refreshing native plugins compatible for Editor in 145.68 ms, found 1 plugins.
Preloading 0 native plugins for Editor in 0.00 ms.
Initialize engine version: 2020.1.10f1 (974a9d56f159)
[Subsystems] Discovering subsystems at path C:/dev/unity/editors/2020.1.10f1/Editor/Data/Resources/UnitySubsystems
[Subsystems] Discovering subsystems at path C:/dev/github/EntityComponentSystemSamples/ECSSamples/Assets
GfxDevice: creating device client; threaded=0
Direct3D:
    Version:  Direct3D 11.0 [level 11.1]
    Renderer: NVIDIA GeForce GTX 1070 (ID=0x1b81)
    Vendor:   
    VRAM:     8088 MB
    Driver:   25.21.14.2600
Shader 'Universal Render Pipeline/Particles/Lit': fallback shader 'Universal Render Pipeline/Particles/SimpleLit' not found
Initialize mono
Mono path[0] = 'C:/dev/unity/editors/2020.1.10f1/Editor/Data/Managed'
Mono path[1] = 'C:/dev/unity/editors/2020.1.10f1/Editor/Data/MonoBleedingEdge/lib/mono/unityjit'
Mono config path = 'C:/dev/unity/editors/2020.1.10f1/Editor/Data/MonoBleedingEdge/etc'
Using monoOptions --debugger-agent=transport=dt_socket,embedding=1,server=y,suspend=n,address=127.0.0.1:56064
Begin MonoManager ReloadAssembly
Registering precompiled unity dll's ...
Register platform support module: C:/dev/unity/editors/2020.1.10f1/Editor/Data/PlaybackEngines/WebGLSupport/UnityEditor.WebGL.Extensions.dll
Register platform support module: C:/dev/unity/editors/2020.1.10f1/Editor/Data/PlaybackEngines/AndroidPlayer/UnityEditor.Android.Extensions.dll
Register platform support module: C:/dev/unity/editors/2020.1.10f1/Editor/Data/PlaybackEngines/WindowsStandaloneSupport/UnityEditor.WindowsStandalone.Extensions.dll
Registered in 0.017092 seconds.
Native extension for WindowsStandalone target not found
Native extension for Android target not found
Native extension for WebGL target not found
Refreshing native plugins compatible for Editor in 126.06 ms, found 1 plugins.
Preloading 0 native plugins for Editor in 0.00 ms.
Mono: successfully reloaded assembly
- Completed reload, in  7.483 seconds
Registering precompiled user dll's ...
Registered in 0.346804 seconds.
Platform modules already initialized, skipping
Begin MonoManager ReloadAssembly
Symbol file LoadedFromMemory doesn't match image C:\dev\github\EntityComponentSystemSamples\ECSSamples\Library\PackageCache\com.unity.ext.nunit@1.0.0\net35\unity-custom\nunit.framework.dll
Native extension for WindowsStandalone target not found
Native extension for Android target not found
Native extension for WebGL target not found
Refreshing native plugins compatible for Editor in 226.91 ms, found 1 plugins.
Preloading 0 native plugins for Editor in 0.00 ms.
Mono: successfully reloaded assembly
- Completed reload, in  6.600 seconds
Platform modules already initialized, skipping
========================================================================
Worker process is ready to serve import requests
Refreshing native plugins compatible for Editor in 0.99 ms, found 1 plugins.
Preloading 0 native plugins for Editor in 0.00 ms.
Unloading 3604 Unused Serialized files (Serialized files now loaded: 0)
System memory in use before: 151.4 MB.
System memory in use after: 151.4 MB.

Unloading 35 unused Assets to reduce memory usage. Loaded Objects now: 4007.
Total: 7.023800 ms (FindLiveObjects: 1.038400 ms CreateObjectMapping: 0.384200 ms MarkObjects: 5.512700 ms  DeleteObjects: 0.083100 ms)

